TN:
SF:/Users/wangrui/workspace/tech/webpack-demos-jk/builder-webpack/lib/webpack.base.js
FN:10,(anonymous_0)
FN:16,(anonymous_1)
FN:73,(anonymous_2)
FN:119,errorPlugin
FN:120,(anonymous_4)
FNF:5
FNH:2
FNDA:1,(anonymous_0)
FNDA:2,(anonymous_1)
FNDA:0,(anonymous_2)
FNDA:0,errorPlugin
FNDA:0,(anonymous_4)
DA:1,1
DA:2,1
DA:3,1
DA:4,1
DA:5,1
DA:6,1
DA:7,1
DA:8,1
DA:10,1
DA:11,1
DA:12,1
DA:13,1
DA:15,1
DA:17,2
DA:18,2
DA:19,2
DA:20,2
DA:21,2
DA:38,1
DA:44,1
DA:46,1
DA:73,0
DA:120,0
DA:121,0
DA:122,0
DA:123,0
LF:26
LH:21
BRDA:19,0,0,2
BRDA:19,0,1,2
BRDA:121,1,0,0
BRDA:121,1,1,0
BRDA:121,2,0,0
BRDA:121,2,1,0
BRDA:121,2,2,0
BRF:7
BRH:2
end_of_record
